This file contains any messages produced by compilers while
running configure, to aid debugging if configure makes a mistake.

It was created by libsmithlab_cpp configure 1.0.2, which was
generated by GNU Autoconf 2.71.  Invocation command line was

  $ ./configure --disable-option-checking --prefix=/usr/local --cache-file=/dev/null --srcdir=.

## --------- ##
## Platform. ##
## --------- ##

hostname = odin
uname -m = x86_64
uname -r = 5.15.0-33-generic
uname -s = Linux
uname -v = #34-Ubuntu SMP Wed May 18 13:34:26 UTC 2022

/usr/bin/uname -p = x86_64
/bin/uname -X     = unknown

/bin/arch              = x86_64
/usr/bin/arch -k       = unknown
/usr/convex/getsysinfo = unknown
/usr/bin/hostinfo      = unknown
/bin/machine           = unknown
/usr/bin/oslevel       = unknown
/bin/universe          = unknown

PATH: /home/sena/.local/bin/
PATH: /usr/local/sbin/
PATH: /usr/local/bin/
PATH: /usr/sbin/
PATH: /usr/bin/
PATH: /sbin/
PATH: /bin/
PATH: /usr/games/
PATH: /usr/local/games/
PATH: /snap/bin/
PATH: /home/sena/.local/bin/
PATH: /home/sena/.local/bin/


## ----------- ##
## Core tests. ##
## ----------- ##

configure:2420: looking for aux files: compile ar-lib missing install-sh
configure:2433:  trying ./
configure:2462:   ./compile found
configure:2462:   ./ar-lib found
configure:2462:   ./missing found
configure:2444:   ./install-sh found
configure:2593: checking for a BSD-compatible install
configure:2666: result: /usr/bin/install -c
configure:2677: checking whether build environment is sane
configure:2732: result: yes
configure:2891: checking for a race-free mkdir -p
configure:2935: result: /usr/bin/mkdir -p
configure:2942: checking for gawk
configure:2963: found /usr/bin/gawk
configure:2974: result: gawk
configure:2985: checking whether make sets $(MAKE)
configure:3008: result: yes
configure:3038: checking whether make supports nested variables
configure:3056: result: yes
configure:3271: checking for g++
configure:3292: found /usr/bin/g++
configure:3303: result: g++
configure:3330: checking for C++ compiler version
configure:3339: g++ --version >&5
g++ (Ubuntu 11.2.0-19ubuntu1) 11.2.0
Copyright (C) 2021 Free Software Foundation, Inc.
This is free software; see the source for copying conditions.  There is NO
warranty; not even for MERCHANTABILITY or FITNESS FOR A PARTICULAR PURPOSE.

configure:3350: $? = 0
configure:3339: g++ -v >&5
Using built-in specs.
COLLECT_GCC=g++
COLLECT_LTO_WRAPPER=/usr/lib/gcc/x86_64-linux-gnu/11/lto-wrapper
OFFLOAD_TARGET_NAMES=nvptx-none:amdgcn-amdhsa
OFFLOAD_TARGET_DEFAULT=1
Target: x86_64-linux-gnu
Configured with: ../src/configure -v --with-pkgversion='Ubuntu 11.2.0-19ubuntu1' --with-bugurl=file:///usr/share/doc/gcc-11/README.Bugs --enable-languages=c,ada,c++,go,brig,d,fortran,objc,obj-c++,m2 --prefix=/usr --with-gcc-major-version-only --program-suffix=-11 --program-prefix=x86_64-linux-gnu- --enable-shared --enable-linker-build-id --libexecdir=/usr/lib --without-included-gettext --enable-threads=posix --libdir=/usr/lib --enable-nls --enable-bootstrap --enable-clocale=gnu --enable-libstdcxx-debug --enable-libstdcxx-time=yes --with-default-libstdcxx-abi=new --enable-gnu-unique-object --disable-vtable-verify --enable-plugin --enable-default-pie --with-system-zlib --enable-libphobos-checking=release --with-target-system-zlib=auto --enable-objc-gc=auto --enable-multiarch --disable-werror --enable-cet --with-arch-32=i686 --with-abi=m64 --with-multilib-list=m32,m64,mx32 --enable-multilib --with-tune=generic --enable-offload-targets=nvptx-none=/build/gcc-11-gBFGDP/gcc-11-11.2.0/debian/tmp-nvptx/usr,amdgcn-amdhsa=/build/gcc-11-gBFGDP/gcc-11-11.2.0/debian/tmp-gcn/usr --without-cuda-driver --enable-checking=release --build=x86_64-linux-gnu --host=x86_64-linux-gnu --target=x86_64-linux-gnu --with-build-config=bootstrap-lto-lean --enable-link-serialization=2
Thread model: posix
Supported LTO compression algorithms: zlib zstd
gcc version 11.2.0 (Ubuntu 11.2.0-19ubuntu1) 
... rest of stderr output deleted ...
configure:3350: $? = 0
configure:3339: g++ -V >&5
g++: error: unrecognized command-line option '-V'
g++: fatal error: no input files
compilation terminated.
configure:3350: $? = 1
configure:3339: g++ -qversion >&5
g++: error: unrecognized command-line option '-qversion'; did you mean '--version'?
g++: fatal error: no input files
compilation terminated.
configure:3350: $? = 1
configure:3370: checking whether the C++ compiler works
configure:3392: g++    conftest.cpp  >&5
configure:3396: $? = 0
configure:3446: result: yes
configure:3449: checking for C++ compiler default output file name
configure:3451: result: a.out
configure:3457: checking for suffix of executables
configure:3464: g++ -o conftest    conftest.cpp  >&5
configure:3468: $? = 0
configure:3491: result: 
configure:3513: checking whether we are cross compiling
configure:3521: g++ -o conftest    conftest.cpp  >&5
configure:3525: $? = 0
configure:3532: ./conftest
configure:3536: $? = 0
configure:3551: result: no
configure:3556: checking for suffix of object files
configure:3579: g++ -c   conftest.cpp >&5
configure:3583: $? = 0
configure:3605: result: o
configure:3609: checking whether the compiler supports GNU C++
configure:3629: g++ -c   conftest.cpp >&5
configure:3629: $? = 0
configure:3639: result: yes
configure:3650: checking whether g++ accepts -g
configure:3671: g++ -c -g  conftest.cpp >&5
configure:3671: $? = 0
configure:3715: result: yes
configure:3735: checking for g++ option to enable C++11 features
configure:3750: g++  -c -g -O2  conftest.cpp >&5
conftest.cpp: In function 'int main(int, char**)':
conftest.cpp:177:25: warning: empty parentheses were disambiguated as a function declaration [-Wvexing-parse]
  177 |   cxx11test::delegate d2();
      |                         ^~
conftest.cpp:177:25: note: remove parentheses to default-initialize a variable
  177 |   cxx11test::delegate d2();
      |                         ^~
      |                         --
conftest.cpp:177:25: note: or replace parentheses with braces to value-initialize a variable
configure:3750: $? = 0
configure:3768: result: none needed
configure:3835: checking whether make supports the include directive
configure:3850: make -f confmf.GNU && cat confinc.out
this is the am__doit target
configure:3853: $? = 0
configure:3872: result: yes (GNU style)
configure:3898: checking dependency style of g++
configure:4010: result: gcc3
configure:4040: checking whether g++ supports C++11 features with -std=c++11
configure:4339: g++ -std=c++11 -c -g -O2  conftest.cpp >&5
configure:4339: $? = 0
configure:4349: result: yes
configure:4451: checking for gcc
configure:4472: found /usr/bin/gcc
configure:4483: result: gcc
configure:4836: checking for C compiler version
configure:4845: gcc --version >&5
gcc (Ubuntu 11.2.0-19ubuntu1) 11.2.0
Copyright (C) 2021 Free Software Foundation, Inc.
This is free software; see the source for copying conditions.  There is NO
warranty; not even for MERCHANTABILITY or FITNESS FOR A PARTICULAR PURPOSE.

configure:4856: $? = 0
configure:4845: gcc -v >&5
Using built-in specs.
COLLECT_GCC=gcc
COLLECT_LTO_WRAPPER=/usr/lib/gcc/x86_64-linux-gnu/11/lto-wrapper
OFFLOAD_TARGET_NAMES=nvptx-none:amdgcn-amdhsa
OFFLOAD_TARGET_DEFAULT=1
Target: x86_64-linux-gnu
Configured with: ../src/configure -v --with-pkgversion='Ubuntu 11.2.0-19ubuntu1' --with-bugurl=file:///usr/share/doc/gcc-11/README.Bugs --enable-languages=c,ada,c++,go,brig,d,fortran,objc,obj-c++,m2 --prefix=/usr --with-gcc-major-version-only --program-suffix=-11 --program-prefix=x86_64-linux-gnu- --enable-shared --enable-linker-build-id --libexecdir=/usr/lib --without-included-gettext --enable-threads=posix --libdir=/usr/lib --enable-nls --enable-bootstrap --enable-clocale=gnu --enable-libstdcxx-debug --enable-libstdcxx-time=yes --with-default-libstdcxx-abi=new --enable-gnu-unique-object --disable-vtable-verify --enable-plugin --enable-default-pie --with-system-zlib --enable-libphobos-checking=release --with-target-system-zlib=auto --enable-objc-gc=auto --enable-multiarch --disable-werror --enable-cet --with-arch-32=i686 --with-abi=m64 --with-multilib-list=m32,m64,mx32 --enable-multilib --with-tune=generic --enable-offload-targets=nvptx-none=/build/gcc-11-gBFGDP/gcc-11-11.2.0/debian/tmp-nvptx/usr,amdgcn-amdhsa=/build/gcc-11-gBFGDP/gcc-11-11.2.0/debian/tmp-gcn/usr --without-cuda-driver --enable-checking=release --build=x86_64-linux-gnu --host=x86_64-linux-gnu --target=x86_64-linux-gnu --with-build-config=bootstrap-lto-lean --enable-link-serialization=2
Thread model: posix
Supported LTO compression algorithms: zlib zstd
gcc version 11.2.0 (Ubuntu 11.2.0-19ubuntu1) 
... rest of stderr output deleted ...
configure:4856: $? = 0
configure:4845: gcc -V >&5
gcc: error: unrecognized command-line option '-V'
gcc: fatal error: no input files
compilation terminated.
configure:4856: $? = 1
configure:4845: gcc -qversion >&5
gcc: error: unrecognized command-line option '-qversion'; did you mean '--version'?
gcc: fatal error: no input files
compilation terminated.
configure:4856: $? = 1
configure:4845: gcc -version >&5
gcc: error: unrecognized command-line option '-version'
gcc: fatal error: no input files
compilation terminated.
configure:4856: $? = 1
configure:4860: checking whether the compiler supports GNU C
configure:4880: gcc -c   conftest.c >&5
configure:4880: $? = 0
configure:4890: result: yes
configure:4901: checking whether gcc accepts -g
configure:4922: gcc -c -g  conftest.c >&5
configure:4922: $? = 0
configure:4966: result: yes
configure:4986: checking for gcc option to enable C11 features
configure:5001: gcc  -c -g -O2  conftest.c >&5
configure:5001: $? = 0
configure:5019: result: none needed
configure:5135: checking whether gcc understands -c and -o together
configure:5158: gcc -c conftest.c -o conftest2.o
configure:5161: $? = 0
configure:5158: gcc -c conftest.c -o conftest2.o
configure:5161: $? = 0
configure:5173: result: yes
configure:5192: checking dependency style of gcc
configure:5304: result: gcc3
configure:5375: checking for ar
configure:5396: found /usr/bin/ar
configure:5407: result: ar
configure:5433: checking the archiver (ar) interface
configure:5450: gcc -c -g -O2  conftest.c >&5
configure:5450: $? = 0
configure:5453: ar cru libconftest.a conftest.o >&5
ar: `u' modifier ignored since `D' is the default (see `U')
configure:5456: $? = 0
configure:5484: result: ar
configure:5552: checking for ranlib
configure:5573: found /usr/bin/ranlib
configure:5584: result: ranlib
configure:5681: checking for zlibVersion in -lz
configure:5703: g++ -std=c++11 -o conftest -g -O2   conftest.cpp -lz   >&5
configure:5703: $? = 0
configure:5713: result: yes
configure:5827: checking that generated files are newer than configure
configure:5833: result: done
configure:5864: creating ./config.status

## ---------------------- ##
## Running config.status. ##
## ---------------------- ##

This file was extended by libsmithlab_cpp config.status 1.0.2, which was
generated by GNU Autoconf 2.71.  Invocation command line was

  CONFIG_FILES    = 
  CONFIG_HEADERS  = 
  CONFIG_LINKS    = 
  CONFIG_COMMANDS = 
  $ ./config.status 

on odin

config.status:851: creating Makefile
config.status:851: creating config.h
config.status:1032: config.h is unchanged
config.status:1080: executing depfiles commands
config.status:1157: cd .       && sed -e '/# am--include-marker/d' Makefile         | make -f - am--depfiles
make: Nothing to be done for 'am--depfiles'.
config.status:1162: $? = 0

## ---------------- ##
## Cache variables. ##
## ---------------- ##

ac_cv_c_compiler_gnu=yes
ac_cv_cxx_compiler_gnu=yes
ac_cv_env_CCC_set=
ac_cv_env_CCC_value=
ac_cv_env_CC_set=
ac_cv_env_CC_value=
ac_cv_env_CFLAGS_set=
ac_cv_env_CFLAGS_value=
ac_cv_env_CPPFLAGS_set=
ac_cv_env_CPPFLAGS_value=
ac_cv_env_CXXFLAGS_set=
ac_cv_env_CXXFLAGS_value=
ac_cv_env_CXX_set=
ac_cv_env_CXX_value=
ac_cv_env_LDFLAGS_set=
ac_cv_env_LDFLAGS_value=
ac_cv_env_LIBS_set=
ac_cv_env_LIBS_value=
ac_cv_env_build_alias_set=
ac_cv_env_build_alias_value=
ac_cv_env_host_alias_set=
ac_cv_env_host_alias_value=
ac_cv_env_target_alias_set=
ac_cv_env_target_alias_value=
ac_cv_lib_z_zlibVersion=yes
ac_cv_objext=o
ac_cv_path_install='/usr/bin/install -c'
ac_cv_path_mkdir=/usr/bin/mkdir
ac_cv_prog_AWK=gawk
ac_cv_prog_ac_ct_AR=ar
ac_cv_prog_ac_ct_CC=gcc
ac_cv_prog_ac_ct_CXX=g++
ac_cv_prog_ac_ct_RANLIB=ranlib
ac_cv_prog_cc_c11=
ac_cv_prog_cc_g=yes
ac_cv_prog_cc_stdc=
ac_cv_prog_cxx_11=no
ac_cv_prog_cxx_cxx11=
ac_cv_prog_cxx_g=yes
ac_cv_prog_cxx_stdcxx=
ac_cv_prog_make_make_set=yes
am_cv_CC_dependencies_compiler_type=gcc3
am_cv_CXX_dependencies_compiler_type=gcc3
am_cv_ar_interface=ar
am_cv_make_support_nested_variables=yes
am_cv_prog_cc_c_o=yes
ax_cv_cxx_compile_cxx11__std_cpp11=yes

## ----------------- ##
## Output variables. ##
## ----------------- ##

ACLOCAL='${SHELL} '\''/home/sena/code/abismal/src/smithlab_cpp/missing'\'' aclocal-1.16'
AMDEPBACKSLASH='\'
AMDEP_FALSE='#'
AMDEP_TRUE=''
AMTAR='$${TAR-tar}'
AM_BACKSLASH='\'
AM_DEFAULT_V='$(AM_DEFAULT_VERBOSITY)'
AM_DEFAULT_VERBOSITY='1'
AM_V='$(V)'
AR='ar'
AUTOCONF='${SHELL} '\''/home/sena/code/abismal/src/smithlab_cpp/missing'\'' autoconf'
AUTOHEADER='${SHELL} '\''/home/sena/code/abismal/src/smithlab_cpp/missing'\'' autoheader'
AUTOMAKE='${SHELL} '\''/home/sena/code/abismal/src/smithlab_cpp/missing'\'' automake-1.16'
AWK='gawk'
CC='gcc'
CCDEPMODE='depmode=gcc3'
CFLAGS='-g -O2'
CPPFLAGS=''
CSCOPE='cscope'
CTAGS='ctags'
CXX='g++ -std=c++11'
CXXDEPMODE='depmode=gcc3'
CXXFLAGS='-g -O2'
CYGPATH_W='echo'
DEFS='-DHAVE_CONFIG_H'
DEPDIR='.deps'
ECHO_C=''
ECHO_N='-n'
ECHO_T=''
ENABLE_HTS_FALSE=''
ENABLE_HTS_TRUE='#'
ETAGS='etags'
EXEEXT=''
HAVE_CXX11='1'
INSTALL_DATA='${INSTALL} -m 644'
INSTALL_PROGRAM='${INSTALL}'
INSTALL_SCRIPT='${INSTALL}'
INSTALL_STRIP_PROGRAM='$(install_sh) -c -s'
LDFLAGS=''
LIBOBJS=''
LIBS='-lz '
LTLIBOBJS=''
MAKEINFO='${SHELL} '\''/home/sena/code/abismal/src/smithlab_cpp/missing'\'' makeinfo'
MKDIR_P='/usr/bin/mkdir -p'
OBJEXT='o'
PACKAGE='libsmithlab_cpp'
PACKAGE_BUGREPORT='andrewds@usc.edu'
PACKAGE_NAME='libsmithlab_cpp'
PACKAGE_STRING='libsmithlab_cpp 1.0.2'
PACKAGE_TARNAME='libsmithlab_cpp'
PACKAGE_URL='https://github.com/smithlabcode'
PACKAGE_VERSION='1.0.2'
PATH_SEPARATOR=':'
RANLIB='ranlib'
SET_MAKE=''
SHELL='/bin/bash'
STRIP=''
VERSION='1.0.2'
ac_ct_AR='ar'
ac_ct_CC='gcc'
ac_ct_CXX='g++'
am__EXEEXT_FALSE=''
am__EXEEXT_TRUE='#'
am__fastdepCC_FALSE='#'
am__fastdepCC_TRUE=''
am__fastdepCXX_FALSE='#'
am__fastdepCXX_TRUE=''
am__include='include'
am__isrc=''
am__leading_dot='.'
am__nodep='_no'
am__quote=''
am__tar='$${TAR-tar} chof - "$$tardir"'
am__untar='$${TAR-tar} xf -'
bindir='${exec_prefix}/bin'
build_alias=''
datadir='${datarootdir}'
datarootdir='${prefix}/share'
docdir='${datarootdir}/doc/${PACKAGE_TARNAME}'
dvidir='${docdir}'
exec_prefix='${prefix}'
host_alias=''
htmldir='${docdir}'
includedir='${prefix}/include'
infodir='${datarootdir}/info'
install_sh='${SHELL} /home/sena/code/abismal/src/smithlab_cpp/install-sh'
libdir='${exec_prefix}/lib'
libexecdir='${exec_prefix}/libexec'
localedir='${datarootdir}/locale'
localstatedir='${prefix}/var'
mandir='${datarootdir}/man'
mkdir_p='$(MKDIR_P)'
oldincludedir='/usr/include'
pdfdir='${docdir}'
prefix='/usr/local'
program_transform_name='s,x,x,'
psdir='${docdir}'
runstatedir='${localstatedir}/run'
sbindir='${exec_prefix}/sbin'
sharedstatedir='${prefix}/com'
sysconfdir='${prefix}/etc'
target_alias=''

## ----------- ##
## confdefs.h. ##
## ----------- ##

/* confdefs.h */
#define PACKAGE_NAME "libsmithlab_cpp"
#define PACKAGE_TARNAME "libsmithlab_cpp"
#define PACKAGE_VERSION "1.0.2"
#define PACKAGE_STRING "libsmithlab_cpp 1.0.2"
#define PACKAGE_BUGREPORT "andrewds@usc.edu"
#define PACKAGE_URL "https://github.com/smithlabcode"
#define PACKAGE "libsmithlab_cpp"
#define VERSION "1.0.2"
#define HAVE_CXX11 1
#define HAVE_LIBZ 1

configure: exit 0
